#-----------------------------------------------------------
# Vivado v2020.1 (64-bit)
# SW Build 2902540 on Wed May 27 19:54:49 MDT 2020
# IP Build 2902112 on Wed May 27 22:43:36 MDT 2020
# Start of session at: Fri Dec 18 13:01:41 2020
# Process ID: 14856
# Current directory: C:/Projects/IPCores/Ethernet/ARP/AXI_ARP_IP
# Command line: vivado.exe -gui_launcher_event rodinguilauncherevent3776 C:\Projects\IPCores\Ethernet\ARP\AXI_ARP_IP\AXI_ARP_IP.xpr
# Log file: C:/Projects/IPCores/Ethernet/ARP/AXI_ARP_IP/vivado.log
# Journal file: C:/Projects/IPCores/Ethernet/ARP/AXI_ARP_IP\vivado.jou
#-----------------------------------------------------------
start_gui
open_project C:/Projects/IPCores/Ethernet/ARP/AXI_ARP_IP/AXI_ARP_IP.xpr
INFO: [Project 1-313] Project file moved from 'B:/Verilog IPs/Ethernet/ARP/ARP/AXI_ARP_IP' since last save.
Scanning sources...
Finished scanning sources
INFO: [IP_Flow 19-234] Refreshing IP repositories
INFO: [IP_Flow 19-1704] No user IP repositories specified
INFO: [IP_Flow 19-2313] Loaded Vivado IP repository 'C:/Development/Vitis/Vivado/2020.1/data/ip'.
open_project: Time (s): cpu = 00:00:22 ; elapsed = 00:00:11 . Memory (MB): peak = 1038.137 ; gain = 0.000
